
> vibe-generated-app@1.0.0 dev
> vite


  VITE v5.4.20  ready in 470 ms

  ➜  Local:   http://localhost:3000/
  ➜  Network: http://172.20.13.254:3000/
11:52:01 AM [vite] Pre-transform error: Transform failed with 1 error:
/home/workspace/src/components/FlowSections.jsx:80:14: ERROR: Expected "{" but found "["
11:52:01 AM [vite] Internal server error: Transform failed with 1 error:
/home/workspace/src/components/FlowSections.jsx:80:14: ERROR: Expected "{" but found "["
  Plugin: vite:esbuild
  File: /home/workspace/src/components/FlowSections.jsx:80:14
  
  Expected "{" but found "["
  78 |          description="Dynamische FPV‑Shots mit hoher Agilität – ideal für schnelle Verfolgungen und präzise Indoor‑Runs."
  79 |          image="https://images.unsplash.com/photo-1496619684348-0b71a5be4fd8?q=80&w=1500&auto=format&fit=crop"
  80 |          chips=[
     |                ^
  81 |            { icon: Film, title: 'Auflösung', subtitle: '4K Cinelog' },
  82 |            { icon: Gauge, title: 'FPS', subtitle: '48–120 FPS' },
  
      at failureErrorWithLog (/home/workspace/node_modules/esbuild/lib/main.js:1472:15)
      at /home/workspace/node_modules/esbuild/lib/main.js:755:50
      at responseCallbacks.<computed> (/home/workspace/node_modules/esbuild/lib/main.js:622:9)
      at handleIncomingPacket (/home/workspace/node_modules/esbuild/lib/main.js:677:12)
      at Socket.readFromStdout (/home/workspace/node_modules/esbuild/lib/main.js:600:7)
      at Socket.emit (node:events:508:28)
      at addChunk (node:internal/streams/readable:559:12)
      at readableAddChunkPushByteMode (node:internal/streams/readable:510:3)
      at Readable.push (node:internal/streams/readable:390:5)
      at Pipe.onStreamRead (node:internal/stream_base_commons:189:23)
11:52:16 AM [vite] Internal server error: Transform failed with 1 error:
/home/workspace/src/components/FlowSections.jsx:80:14: ERROR: Expected "{" but found "["
  Plugin: vite:esbuild
  File: /home/workspace/src/components/FlowSections.jsx:80:14
  
  Expected "{" but found "["
  78 |          description="Dynamische FPV‑Shots mit hoher Agilität – ideal für schnelle Verfolgungen und präzise Indoor‑Runs."
  79 |          image="https://images.unsplash.com/photo-1496619684348-0b71a5be4fd8?q=80&w=1500&auto=format&fit=crop"
  80 |          chips=[
     |                ^
  81 |            { icon: Film, title: 'Auflösung', subtitle: '4K Cinelog' },
  82 |            { icon: Gauge, title: 'FPS', subtitle: '48–120 FPS' },
  
      at failureErrorWithLog (/home/workspace/node_modules/esbuild/lib/main.js:1472:15)
      at /home/workspace/node_modules/esbuild/lib/main.js:755:50
      at responseCallbacks.<computed> (/home/workspace/node_modules/esbuild/lib/main.js:622:9)
      at handleIncomingPacket (/home/workspace/node_modules/esbuild/lib/main.js:677:12)
      at Socket.readFromStdout (/home/workspace/node_modules/esbuild/lib/main.js:600:7)
      at Socket.emit (node:events:508:28)
      at addChunk (node:internal/streams/readable:559:12)
      at readableAddChunkPushByteMode (node:internal/streams/readable:510:3)
      at Readable.push (node:internal/streams/readable:390:5)
      at Pipe.onStreamRead (node:internal/stream_base_commons:189:23)
